<?xml version="1.0" encoding="UTF-8" standalone="no"?>
<testsuite errors="0" failures="1" name="io.cucumber.core.plugin.JUnitFormatter" skipped="0" tests="1" time="11.919">
    <testcase classname="Hitachi Portal Page" name="Hitachi Home Page" time="11.598">
        <failure message="" type="java.lang.AssertionError"><![CDATA[Given User Launches the Hitachi Application.................................passed
When User Click on Contact_US button........................................passed
Then User should able to navigate to the Contact_US page and Verify "Contact Us – Hitachi Solutions".passed
Then User Verifies "Irvinee" on the Contact_US page.........................failed
Then User Verifies "United States" on the Contact_US page...................skipped

StackTrace:
java.lang.AssertionError
	at org.junit.Assert.fail(Assert.java:87)
	at org.junit.Assert.assertTrue(Assert.java:42)
	at org.junit.Assert.assertTrue(Assert.java:53)
	at com.stepdefnitions.Hitachi_ContactUS_SD.user_verifies_on_the_contact_us_page(Hitachi_ContactUS_SD.java:35)
	at ✽.User Verifies "Irvinee" on the Contact_US page(file:///F:/SELENIUM_PROG/WorkSpace/Cucumber_PROJ/src/test/resources/com/features/Hitachi_ContactUS.feature:11)
]]></failure>
    </testcase>
</testsuite>
